{"type":"server-started","port":59504,"host":"127.0.0.1","url_host":"localhost","url":"http://localhost:59504","screen_dir":"/Users/anthonyfoley/Documents/CPSC_Courses/ProjectHighbourne/.superpowers/brainstorm/53524-1775259052/content","state_dir":"/Users/anthonyfoley/Documents/CPSC_Courses/ProjectHighbourne/.superpowers/brainstorm/53524-1775259052/state"}
{"type":"screen-added","file":"/Users/anthonyfoley/Documents/CPSC_Courses/ProjectHighbourne/.superpowers/brainstorm/53524-1775259052/content/01-next-subsystem.html"}
{"type":"screen-updated","file":"/Users/anthonyfoley/Documents/CPSC_Courses/ProjectHighbourne/.superpowers/brainstorm/53524-1775259052/content/01-next-subsystem.html"}
{"type":"screen-updated","file":"/Users/anthonyfoley/Documents/CPSC_Courses/ProjectHighbourne/.superpowers/brainstorm/53524-1775259052/content/01-next-subsystem.html"}
{"type":"screen-updated","file":"/Users/anthonyfoley/Documents/CPSC_Courses/ProjectHighbourne/.superpowers/brainstorm/53524-1775259052/content/01-next-subsystem.html"}
{"source":"user-event","type":"click","text":"A\n    \n      Technical Analysis Layer\n      RSI, moving averages, overbought/oversold signals overlaid on price charts. Helps you time entries — when to buy what RV already says is cheap.","choice":"a","id":null,"timestamp":1775259133819}
{"source":"user-event","type":"click","text":"B\n    \n      Fundamental Valuation Layer\n      DCF, earnings growth, margin trends. Helps you assess intrinsic value vs. market price — is it cheap for a reason, or genuinely undervalued?","choice":"b","id":null,"timestamp":1775259136931}
{"source":"user-event","type":"click","text":"A\n    \n      Technical Analysis Layer\n      RSI, moving averages, overbought/oversold signals overlaid on price charts. Helps you time entries — when to buy what RV already says is cheap.","choice":"a","id":null,"timestamp":1775259137530}
{"source":"user-event","type":"click","text":"A\n    \n      Technical Analysis Layer\n      RSI, moving averages, overbought/oversold signals overlaid on price charts. Helps you time entries — when to buy what RV already says is cheap.","choice":"a","id":null,"timestamp":1775259152640}
{"source":"user-event","type":"click","text":"A\n    \n      Technical Analysis Layer\n      RSI, moving averages, overbought/oversold signals overlaid on price charts. Helps you time entries — when to buy what RV already says is cheap.","choice":"a","id":null,"timestamp":1775259152734}
{"source":"user-event","type":"click","text":"A\n    \n      Technical Analysis Layer\n      RSI, moving averages, overbought/oversold signals overlaid on price charts. Helps you time entries — when to buy what RV already says is cheap.","choice":"a","id":null,"timestamp":1775259153259}
{"type":"screen-added","file":"/Users/anthonyfoley/Documents/CPSC_Courses/ProjectHighbourne/.superpowers/brainstorm/53524-1775259052/content/02-technical-integration.html"}
{"type":"screen-updated","file":"/Users/anthonyfoley/Documents/CPSC_Courses/ProjectHighbourne/.superpowers/brainstorm/53524-1775259052/content/02-technical-integration.html"}
{"type":"screen-updated","file":"/Users/anthonyfoley/Documents/CPSC_Courses/ProjectHighbourne/.superpowers/brainstorm/53524-1775259052/content/02-technical-integration.html"}
{"type":"screen-updated","file":"/Users/anthonyfoley/Documents/CPSC_Courses/ProjectHighbourne/.superpowers/brainstorm/53524-1775259052/content/02-technical-integration.html"}
{"source":"user-event","type":"click","text":"C\n    \n      Stacked Panels — Same Page\n      RV chart on top, price chart with technicals below, sharing the same time axis. You see both simultaneously without switching tabs, but each chart stays clean.","choice":"c","id":null,"timestamp":1775259212118}
{"type":"screen-added","file":"/Users/anthonyfoley/Documents/CPSC_Courses/ProjectHighbourne/.superpowers/brainstorm/53524-1775259052/content/03-technical-indicators.html"}
{"type":"screen-updated","file":"/Users/anthonyfoley/Documents/CPSC_Courses/ProjectHighbourne/.superpowers/brainstorm/53524-1775259052/content/03-technical-indicators.html"}
{"type":"screen-updated","file":"/Users/anthonyfoley/Documents/CPSC_Courses/ProjectHighbourne/.superpowers/brainstorm/53524-1775259052/content/03-technical-indicators.html"}
{"type":"screen-updated","file":"/Users/anthonyfoley/Documents/CPSC_Courses/ProjectHighbourne/.superpowers/brainstorm/53524-1775259052/content/03-technical-indicators.html"}
{"source":"user-event","type":"click","text":"1\n    \n      RSI (Relative Strength Index)\n      Classic overbought (>70) / oversold (<30) oscillator. Simple, widely used, clear thresholds.","choice":"rsi","id":null,"timestamp":1775259242914}
{"source":"user-event","type":"click","text":"4\n    \n      MACD\n      Momentum and trend-following. Signal line crossovers and histogram divergences catch turning points.","choice":"macd","id":null,"timestamp":1775259250238}
{"source":"user-event","type":"click","text":"2\n    \n      Moving Average Crossovers\n      50-day vs 200-day SMA (golden cross / death cross). Shows trend direction and momentum shifts.","choice":"ma","id":null,"timestamp":1775259251301}
{"type":"screen-added","file":"/Users/anthonyfoley/Documents/CPSC_Courses/ProjectHighbourne/.superpowers/brainstorm/53524-1775259052/content/04-screener-integration.html"}
{"type":"screen-updated","file":"/Users/anthonyfoley/Documents/CPSC_Courses/ProjectHighbourne/.superpowers/brainstorm/53524-1775259052/content/04-screener-integration.html"}
{"type":"screen-updated","file":"/Users/anthonyfoley/Documents/CPSC_Courses/ProjectHighbourne/.superpowers/brainstorm/53524-1775259052/content/04-screener-integration.html"}
{"type":"screen-updated","file":"/Users/anthonyfoley/Documents/CPSC_Courses/ProjectHighbourne/.superpowers/brainstorm/53524-1775259052/content/04-screener-integration.html"}
{"source":"user-event","type":"click","text":"D\n    \n      Both A + C\n      Add the raw data columns (sortable/filterable) AND the traffic light summary icons. Full data access plus at-a-glance scanning.","choice":"d","id":null,"timestamp":1775259312292}
{"type":"screen-added","file":"/Users/anthonyfoley/Documents/CPSC_Courses/ProjectHighbourne/.superpowers/brainstorm/53524-1775259052/content/05-data-source.html"}
{"type":"screen-updated","file":"/Users/anthonyfoley/Documents/CPSC_Courses/ProjectHighbourne/.superpowers/brainstorm/53524-1775259052/content/05-data-source.html"}
{"type":"screen-updated","file":"/Users/anthonyfoley/Documents/CPSC_Courses/ProjectHighbourne/.superpowers/brainstorm/53524-1775259052/content/05-data-source.html"}
{"source":"user-event","type":"click","text":"B\n    \n      Add Yahoo Finance (yfinance)\n      Free, no API key, good OHLCV coverage. Popular in Python finance. You already have a yf_equity_cache.json suggesting you've used it before.","choice":"b","id":null,"timestamp":1775259425104}
{"type":"screen-added","file":"/Users/anthonyfoley/Documents/CPSC_Courses/ProjectHighbourne/.superpowers/brainstorm/53524-1775259052/content/06-alert-behavior.html"}
{"type":"screen-updated","file":"/Users/anthonyfoley/Documents/CPSC_Courses/ProjectHighbourne/.superpowers/brainstorm/53524-1775259052/content/06-alert-behavior.html"}
{"type":"screen-updated","file":"/Users/anthonyfoley/Documents/CPSC_Courses/ProjectHighbourne/.superpowers/brainstorm/53524-1775259052/content/06-alert-behavior.html"}
{"source":"user-event","type":"click","text":"A\n    \n      Visual Highlighting Only\n      Rows in the screener glow or pulse when multiple signals converge (e.g., RV z-score < -2 AND RSI < 30). You notice them when you're looking at the dashboard. No notifications.","choice":"a","id":null,"timestamp":1775259458837}
{"source":"user-event","type":"click","text":"B\n    \n      Alert Banner / Panel\n      A dedicated \"Alerts\" section at the top of the dashboard that lists stocks crossing key thresholds. Like a Bloomberg alert ticker — always visible, updates on refresh.","choice":"b","id":null,"timestamp":1775259459173}
{"source":"user-event","type":"click","text":"A\n    \n      Visual Highlighting Only\n      Rows in the screener glow or pulse when multiple signals converge (e.g., RV z-score < -2 AND RSI < 30). You notice them when you're looking at the dashboard. No notifications.","choice":"a","id":null,"timestamp":1775259460031}
{"type":"screen-added","file":"/Users/anthonyfoley/Documents/CPSC_Courses/ProjectHighbourne/.superpowers/brainstorm/53524-1775259052/content/07-waiting.html"}
{"type":"screen-updated","file":"/Users/anthonyfoley/Documents/CPSC_Courses/ProjectHighbourne/.superpowers/brainstorm/53524-1775259052/content/07-waiting.html"}
{"type":"screen-updated","file":"/Users/anthonyfoley/Documents/CPSC_Courses/ProjectHighbourne/.superpowers/brainstorm/53524-1775259052/content/07-waiting.html"}
{"type":"screen-added","file":"/Users/anthonyfoley/Documents/CPSC_Courses/ProjectHighbourne/.superpowers/brainstorm/53524-1775259052/content/08-layout-mockup.html"}
{"type":"screen-updated","file":"/Users/anthonyfoley/Documents/CPSC_Courses/ProjectHighbourne/.superpowers/brainstorm/53524-1775259052/content/08-layout-mockup.html"}
{"type":"screen-updated","file":"/Users/anthonyfoley/Documents/CPSC_Courses/ProjectHighbourne/.superpowers/brainstorm/53524-1775259052/content/08-layout-mockup.html"}
{"type":"screen-updated","file":"/Users/anthonyfoley/Documents/CPSC_Courses/ProjectHighbourne/.superpowers/brainstorm/53524-1775259052/content/08-layout-mockup.html"}
{"type":"screen-added","file":"/Users/anthonyfoley/Documents/CPSC_Courses/ProjectHighbourne/.superpowers/brainstorm/53524-1775259052/content/09-layout-mockup-v2.html"}
{"type":"screen-updated","file":"/Users/anthonyfoley/Documents/CPSC_Courses/ProjectHighbourne/.superpowers/brainstorm/53524-1775259052/content/09-layout-mockup-v2.html"}
{"type":"screen-updated","file":"/Users/anthonyfoley/Documents/CPSC_Courses/ProjectHighbourne/.superpowers/brainstorm/53524-1775259052/content/09-layout-mockup-v2.html"}
{"type":"screen-updated","file":"/Users/anthonyfoley/Documents/CPSC_Courses/ProjectHighbourne/.superpowers/brainstorm/53524-1775259052/content/09-layout-mockup-v2.html"}
{"type":"screen-added","file":"/Users/anthonyfoley/Documents/CPSC_Courses/ProjectHighbourne/.superpowers/brainstorm/53524-1775259052/content/10-layout-mockup-v3.html"}
{"type":"screen-updated","file":"/Users/anthonyfoley/Documents/CPSC_Courses/ProjectHighbourne/.superpowers/brainstorm/53524-1775259052/content/10-layout-mockup-v3.html"}
{"type":"screen-updated","file":"/Users/anthonyfoley/Documents/CPSC_Courses/ProjectHighbourne/.superpowers/brainstorm/53524-1775259052/content/10-layout-mockup-v3.html"}
{"type":"screen-updated","file":"/Users/anthonyfoley/Documents/CPSC_Courses/ProjectHighbourne/.superpowers/brainstorm/53524-1775259052/content/10-layout-mockup-v3.html"}
{"type":"screen-added","file":"/Users/anthonyfoley/Documents/CPSC_Courses/ProjectHighbourne/.superpowers/brainstorm/53524-1775259052/content/11-home-overview.html"}
{"type":"screen-updated","file":"/Users/anthonyfoley/Documents/CPSC_Courses/ProjectHighbourne/.superpowers/brainstorm/53524-1775259052/content/11-home-overview.html"}
{"type":"screen-updated","file":"/Users/anthonyfoley/Documents/CPSC_Courses/ProjectHighbourne/.superpowers/brainstorm/53524-1775259052/content/11-home-overview.html"}
{"type":"screen-updated","file":"/Users/anthonyfoley/Documents/CPSC_Courses/ProjectHighbourne/.superpowers/brainstorm/53524-1775259052/content/11-home-overview.html"}
{"type":"screen-added","file":"/Users/anthonyfoley/Documents/CPSC_Courses/ProjectHighbourne/.superpowers/brainstorm/53524-1775259052/content/12-home-overview-v2.html"}
{"type":"screen-updated","file":"/Users/anthonyfoley/Documents/CPSC_Courses/ProjectHighbourne/.superpowers/brainstorm/53524-1775259052/content/12-home-overview-v2.html"}
{"type":"screen-updated","file":"/Users/anthonyfoley/Documents/CPSC_Courses/ProjectHighbourne/.superpowers/brainstorm/53524-1775259052/content/12-home-overview-v2.html"}
{"type":"screen-updated","file":"/Users/anthonyfoley/Documents/CPSC_Courses/ProjectHighbourne/.superpowers/brainstorm/53524-1775259052/content/12-home-overview-v2.html"}
{"type":"screen-added","file":"/Users/anthonyfoley/Documents/CPSC_Courses/ProjectHighbourne/.superpowers/brainstorm/53524-1775259052/content/13-home-overview-v3.html"}
{"type":"screen-updated","file":"/Users/anthonyfoley/Documents/CPSC_Courses/ProjectHighbourne/.superpowers/brainstorm/53524-1775259052/content/13-home-overview-v3.html"}
{"type":"screen-updated","file":"/Users/anthonyfoley/Documents/CPSC_Courses/ProjectHighbourne/.superpowers/brainstorm/53524-1775259052/content/13-home-overview-v3.html"}
{"type":"screen-updated","file":"/Users/anthonyfoley/Documents/CPSC_Courses/ProjectHighbourne/.superpowers/brainstorm/53524-1775259052/content/13-home-overview-v3.html"}
{"type":"screen-added","file":"/Users/anthonyfoley/Documents/CPSC_Courses/ProjectHighbourne/.superpowers/brainstorm/53524-1775259052/content/14-home-overview-v4.html"}
{"type":"screen-updated","file":"/Users/anthonyfoley/Documents/CPSC_Courses/ProjectHighbourne/.superpowers/brainstorm/53524-1775259052/content/14-home-overview-v4.html"}
{"type":"screen-updated","file":"/Users/anthonyfoley/Documents/CPSC_Courses/ProjectHighbourne/.superpowers/brainstorm/53524-1775259052/content/14-home-overview-v4.html"}
{"type":"screen-updated","file":"/Users/anthonyfoley/Documents/CPSC_Courses/ProjectHighbourne/.superpowers/brainstorm/53524-1775259052/content/14-home-overview-v4.html"}
{"type":"screen-added","file":"/Users/anthonyfoley/Documents/CPSC_Courses/ProjectHighbourne/.superpowers/brainstorm/53524-1775259052/content/15-home-bloomberg.html"}
{"type":"screen-updated","file":"/Users/anthonyfoley/Documents/CPSC_Courses/ProjectHighbourne/.superpowers/brainstorm/53524-1775259052/content/15-home-bloomberg.html"}
{"type":"screen-updated","file":"/Users/anthonyfoley/Documents/CPSC_Courses/ProjectHighbourne/.superpowers/brainstorm/53524-1775259052/content/15-home-bloomberg.html"}
{"type":"screen-updated","file":"/Users/anthonyfoley/Documents/CPSC_Courses/ProjectHighbourne/.superpowers/brainstorm/53524-1775259052/content/15-home-bloomberg.html"}
{"type":"screen-added","file":"/Users/anthonyfoley/Documents/CPSC_Courses/ProjectHighbourne/.superpowers/brainstorm/53524-1775259052/content/16-home-bloomberg-v2.html"}
{"type":"screen-updated","file":"/Users/anthonyfoley/Documents/CPSC_Courses/ProjectHighbourne/.superpowers/brainstorm/53524-1775259052/content/16-home-bloomberg-v2.html"}
{"type":"screen-updated","file":"/Users/anthonyfoley/Documents/CPSC_Courses/ProjectHighbourne/.superpowers/brainstorm/53524-1775259052/content/16-home-bloomberg-v2.html"}
{"type":"screen-updated","file":"/Users/anthonyfoley/Documents/CPSC_Courses/ProjectHighbourne/.superpowers/brainstorm/53524-1775259052/content/16-home-bloomberg-v2.html"}
{"type":"screen-updated","file":"/Users/anthonyfoley/Documents/CPSC_Courses/ProjectHighbourne/.superpowers/brainstorm/53524-1775259052/content/16-home-bloomberg-v2.html"}
{"type":"screen-updated","file":"/Users/anthonyfoley/Documents/CPSC_Courses/ProjectHighbourne/.superpowers/brainstorm/53524-1775259052/content/16-home-bloomberg-v2.html"}
{"type":"screen-updated","file":"/Users/anthonyfoley/Documents/CPSC_Courses/ProjectHighbourne/.superpowers/brainstorm/53524-1775259052/content/16-home-bloomberg-v2.html"}
{"type":"screen-updated","file":"/Users/anthonyfoley/Documents/CPSC_Courses/ProjectHighbourne/.superpowers/brainstorm/53524-1775259052/content/16-home-bloomberg-v2.html"}
{"type":"screen-updated","file":"/Users/anthonyfoley/Documents/CPSC_Courses/ProjectHighbourne/.superpowers/brainstorm/53524-1775259052/content/16-home-bloomberg-v2.html"}
{"type":"screen-updated","file":"/Users/anthonyfoley/Documents/CPSC_Courses/ProjectHighbourne/.superpowers/brainstorm/53524-1775259052/content/16-home-bloomberg-v2.html"}
{"type":"screen-updated","file":"/Users/anthonyfoley/Documents/CPSC_Courses/ProjectHighbourne/.superpowers/brainstorm/53524-1775259052/content/16-home-bloomberg-v2.html"}
{"type":"screen-updated","file":"/Users/anthonyfoley/Documents/CPSC_Courses/ProjectHighbourne/.superpowers/brainstorm/53524-1775259052/content/16-home-bloomberg-v2.html"}
{"type":"screen-updated","file":"/Users/anthonyfoley/Documents/CPSC_Courses/ProjectHighbourne/.superpowers/brainstorm/53524-1775259052/content/16-home-bloomberg-v2.html"}
{"type":"screen-updated","file":"/Users/anthonyfoley/Documents/CPSC_Courses/ProjectHighbourne/.superpowers/brainstorm/53524-1775259052/content/16-home-bloomberg-v2.html"}
{"type":"screen-updated","file":"/Users/anthonyfoley/Documents/CPSC_Courses/ProjectHighbourne/.superpowers/brainstorm/53524-1775259052/content/16-home-bloomberg-v2.html"}
{"type":"screen-updated","file":"/Users/anthonyfoley/Documents/CPSC_Courses/ProjectHighbourne/.superpowers/brainstorm/53524-1775259052/content/16-home-bloomberg-v2.html"}
{"type":"screen-updated","file":"/Users/anthonyfoley/Documents/CPSC_Courses/ProjectHighbourne/.superpowers/brainstorm/53524-1775259052/content/16-home-bloomberg-v2.html"}
{"type":"screen-updated","file":"/Users/anthonyfoley/Documents/CPSC_Courses/ProjectHighbourne/.superpowers/brainstorm/53524-1775259052/content/16-home-bloomberg-v2.html"}
{"type":"screen-updated","file":"/Users/anthonyfoley/Documents/CPSC_Courses/ProjectHighbourne/.superpowers/brainstorm/53524-1775259052/content/16-home-bloomberg-v2.html"}
{"type":"screen-updated","file":"/Users/anthonyfoley/Documents/CPSC_Courses/ProjectHighbourne/.superpowers/brainstorm/53524-1775259052/content/16-home-bloomberg-v2.html"}
{"type":"screen-updated","file":"/Users/anthonyfoley/Documents/CPSC_Courses/ProjectHighbourne/.superpowers/brainstorm/53524-1775259052/content/16-home-bloomberg-v2.html"}
{"type":"screen-updated","file":"/Users/anthonyfoley/Documents/CPSC_Courses/ProjectHighbourne/.superpowers/brainstorm/53524-1775259052/content/16-home-bloomberg-v2.html"}
{"type":"screen-updated","file":"/Users/anthonyfoley/Documents/CPSC_Courses/ProjectHighbourne/.superpowers/brainstorm/53524-1775259052/content/16-home-bloomberg-v2.html"}
{"type":"screen-updated","file":"/Users/anthonyfoley/Documents/CPSC_Courses/ProjectHighbourne/.superpowers/brainstorm/53524-1775259052/content/16-home-bloomberg-v2.html"}
{"type":"screen-updated","file":"/Users/anthonyfoley/Documents/CPSC_Courses/ProjectHighbourne/.superpowers/brainstorm/53524-1775259052/content/16-home-bloomberg-v2.html"}
{"type":"screen-updated","file":"/Users/anthonyfoley/Documents/CPSC_Courses/ProjectHighbourne/.superpowers/brainstorm/53524-1775259052/content/16-home-bloomberg-v2.html"}
{"type":"screen-updated","file":"/Users/anthonyfoley/Documents/CPSC_Courses/ProjectHighbourne/.superpowers/brainstorm/53524-1775259052/content/16-home-bloomberg-v2.html"}
{"type":"screen-updated","file":"/Users/anthonyfoley/Documents/CPSC_Courses/ProjectHighbourne/.superpowers/brainstorm/53524-1775259052/content/16-home-bloomberg-v2.html"}
{"type":"screen-updated","file":"/Users/anthonyfoley/Documents/CPSC_Courses/ProjectHighbourne/.superpowers/brainstorm/53524-1775259052/content/16-home-bloomberg-v2.html"}
{"type":"screen-updated","file":"/Users/anthonyfoley/Documents/CPSC_Courses/ProjectHighbourne/.superpowers/brainstorm/53524-1775259052/content/16-home-bloomberg-v2.html"}
{"type":"screen-updated","file":"/Users/anthonyfoley/Documents/CPSC_Courses/ProjectHighbourne/.superpowers/brainstorm/53524-1775259052/content/16-home-bloomberg-v2.html"}
{"type":"screen-updated","file":"/Users/anthonyfoley/Documents/CPSC_Courses/ProjectHighbourne/.superpowers/brainstorm/53524-1775259052/content/16-home-bloomberg-v2.html"}
{"type":"screen-updated","file":"/Users/anthonyfoley/Documents/CPSC_Courses/ProjectHighbourne/.superpowers/brainstorm/53524-1775259052/content/16-home-bloomberg-v2.html"}
{"type":"screen-updated","file":"/Users/anthonyfoley/Documents/CPSC_Courses/ProjectHighbourne/.superpowers/brainstorm/53524-1775259052/content/16-home-bloomberg-v2.html"}
{"type":"screen-updated","file":"/Users/anthonyfoley/Documents/CPSC_Courses/ProjectHighbourne/.superpowers/brainstorm/53524-1775259052/content/16-home-bloomberg-v2.html"}
{"type":"screen-updated","file":"/Users/anthonyfoley/Documents/CPSC_Courses/ProjectHighbourne/.superpowers/brainstorm/53524-1775259052/content/16-home-bloomberg-v2.html"}
{"type":"screen-updated","file":"/Users/anthonyfoley/Documents/CPSC_Courses/ProjectHighbourne/.superpowers/brainstorm/53524-1775259052/content/16-home-bloomberg-v2.html"}
{"type":"screen-updated","file":"/Users/anthonyfoley/Documents/CPSC_Courses/ProjectHighbourne/.superpowers/brainstorm/53524-1775259052/content/16-home-bloomberg-v2.html"}
{"type":"screen-added","file":"/Users/anthonyfoley/Documents/CPSC_Courses/ProjectHighbourne/.superpowers/brainstorm/53524-1775259052/content/17-detail-bloomberg.html"}
{"type":"screen-updated","file":"/Users/anthonyfoley/Documents/CPSC_Courses/ProjectHighbourne/.superpowers/brainstorm/53524-1775259052/content/17-detail-bloomberg.html"}
{"type":"screen-updated","file":"/Users/anthonyfoley/Documents/CPSC_Courses/ProjectHighbourne/.superpowers/brainstorm/53524-1775259052/content/17-detail-bloomberg.html"}
{"type":"screen-updated","file":"/Users/anthonyfoley/Documents/CPSC_Courses/ProjectHighbourne/.superpowers/brainstorm/53524-1775259052/content/17-detail-bloomberg.html"}
{"type":"screen-updated","file":"/Users/anthonyfoley/Documents/CPSC_Courses/ProjectHighbourne/.superpowers/brainstorm/53524-1775259052/content/17-detail-bloomberg.html"}
{"type":"screen-updated","file":"/Users/anthonyfoley/Documents/CPSC_Courses/ProjectHighbourne/.superpowers/brainstorm/53524-1775259052/content/17-detail-bloomberg.html"}
{"type":"screen-updated","file":"/Users/anthonyfoley/Documents/CPSC_Courses/ProjectHighbourne/.superpowers/brainstorm/53524-1775259052/content/17-detail-bloomberg.html"}
{"type":"screen-updated","file":"/Users/anthonyfoley/Documents/CPSC_Courses/ProjectHighbourne/.superpowers/brainstorm/53524-1775259052/content/17-detail-bloomberg.html"}
{"type":"screen-updated","file":"/Users/anthonyfoley/Documents/CPSC_Courses/ProjectHighbourne/.superpowers/brainstorm/53524-1775259052/content/17-detail-bloomberg.html"}
{"type":"screen-updated","file":"/Users/anthonyfoley/Documents/CPSC_Courses/ProjectHighbourne/.superpowers/brainstorm/53524-1775259052/content/17-detail-bloomberg.html"}
{"type":"screen-updated","file":"/Users/anthonyfoley/Documents/CPSC_Courses/ProjectHighbourne/.superpowers/brainstorm/53524-1775259052/content/17-detail-bloomberg.html"}
{"type":"screen-updated","file":"/Users/anthonyfoley/Documents/CPSC_Courses/ProjectHighbourne/.superpowers/brainstorm/53524-1775259052/content/16-home-bloomberg-v2.html"}
{"type":"screen-updated","file":"/Users/anthonyfoley/Documents/CPSC_Courses/ProjectHighbourne/.superpowers/brainstorm/53524-1775259052/content/16-home-bloomberg-v2.html"}
{"type":"screen-updated","file":"/Users/anthonyfoley/Documents/CPSC_Courses/ProjectHighbourne/.superpowers/brainstorm/53524-1775259052/content/17-detail-bloomberg.html"}
{"type":"screen-updated","file":"/Users/anthonyfoley/Documents/CPSC_Courses/ProjectHighbourne/.superpowers/brainstorm/53524-1775259052/content/16-home-bloomberg-v2.html"}
{"type":"screen-updated","file":"/Users/anthonyfoley/Documents/CPSC_Courses/ProjectHighbourne/.superpowers/brainstorm/53524-1775259052/content/16-home-bloomberg-v2.html"}
{"type":"screen-updated","file":"/Users/anthonyfoley/Documents/CPSC_Courses/ProjectHighbourne/.superpowers/brainstorm/53524-1775259052/content/17-detail-bloomberg.html"}
{"type":"screen-updated","file":"/Users/anthonyfoley/Documents/CPSC_Courses/ProjectHighbourne/.superpowers/brainstorm/53524-1775259052/content/16-home-bloomberg-v2.html"}
{"type":"screen-updated","file":"/Users/anthonyfoley/Documents/CPSC_Courses/ProjectHighbourne/.superpowers/brainstorm/53524-1775259052/content/16-home-bloomberg-v2.html"}
{"type":"screen-updated","file":"/Users/anthonyfoley/Documents/CPSC_Courses/ProjectHighbourne/.superpowers/brainstorm/53524-1775259052/content/16-home-bloomberg-v2.html"}
{"type":"screen-added","file":"/Users/anthonyfoley/Documents/CPSC_Courses/ProjectHighbourne/.superpowers/brainstorm/53524-1775259052/content/18-detail-bloomberg-v2.html"}
{"type":"screen-updated","file":"/Users/anthonyfoley/Documents/CPSC_Courses/ProjectHighbourne/.superpowers/brainstorm/53524-1775259052/content/18-detail-bloomberg-v2.html"}
{"type":"screen-updated","file":"/Users/anthonyfoley/Documents/CPSC_Courses/ProjectHighbourne/.superpowers/brainstorm/53524-1775259052/content/18-detail-bloomberg-v2.html"}
{"type":"screen-updated","file":"/Users/anthonyfoley/Documents/CPSC_Courses/ProjectHighbourne/.superpowers/brainstorm/53524-1775259052/content/18-detail-bloomberg-v2.html"}
{"type":"screen-added","file":"/Users/anthonyfoley/Documents/CPSC_Courses/ProjectHighbourne/.superpowers/brainstorm/53524-1775259052/content/19-detail-bloomberg-v3.html"}
{"type":"screen-updated","file":"/Users/anthonyfoley/Documents/CPSC_Courses/ProjectHighbourne/.superpowers/brainstorm/53524-1775259052/content/19-detail-bloomberg-v3.html"}
{"type":"screen-updated","file":"/Users/anthonyfoley/Documents/CPSC_Courses/ProjectHighbourne/.superpowers/brainstorm/53524-1775259052/content/19-detail-bloomberg-v3.html"}
{"type":"screen-updated","file":"/Users/anthonyfoley/Documents/CPSC_Courses/ProjectHighbourne/.superpowers/brainstorm/53524-1775259052/content/19-detail-bloomberg-v3.html"}
{"type":"screen-updated","file":"/Users/anthonyfoley/Documents/CPSC_Courses/ProjectHighbourne/.superpowers/brainstorm/53524-1775259052/content/19-detail-bloomberg-v3.html"}
{"type":"screen-updated","file":"/Users/anthonyfoley/Documents/CPSC_Courses/ProjectHighbourne/.superpowers/brainstorm/53524-1775259052/content/19-detail-bloomberg-v3.html"}
{"type":"screen-updated","file":"/Users/anthonyfoley/Documents/CPSC_Courses/ProjectHighbourne/.superpowers/brainstorm/53524-1775259052/content/19-detail-bloomberg-v3.html"}
{"type":"screen-updated","file":"/Users/anthonyfoley/Documents/CPSC_Courses/ProjectHighbourne/.superpowers/brainstorm/53524-1775259052/content/19-detail-bloomberg-v3.html"}
{"type":"screen-updated","file":"/Users/anthonyfoley/Documents/CPSC_Courses/ProjectHighbourne/.superpowers/brainstorm/53524-1775259052/content/19-detail-bloomberg-v3.html"}
{"type":"screen-updated","file":"/Users/anthonyfoley/Documents/CPSC_Courses/ProjectHighbourne/.superpowers/brainstorm/53524-1775259052/content/19-detail-bloomberg-v3.html"}
{"type":"screen-updated","file":"/Users/anthonyfoley/Documents/CPSC_Courses/ProjectHighbourne/.superpowers/brainstorm/53524-1775259052/content/19-detail-bloomberg-v3.html"}
{"type":"screen-updated","file":"/Users/anthonyfoley/Documents/CPSC_Courses/ProjectHighbourne/.superpowers/brainstorm/53524-1775259052/content/19-detail-bloomberg-v3.html"}
{"type":"screen-updated","file":"/Users/anthonyfoley/Documents/CPSC_Courses/ProjectHighbourne/.superpowers/brainstorm/53524-1775259052/content/19-detail-bloomberg-v3.html"}
{"type":"screen-updated","file":"/Users/anthonyfoley/Documents/CPSC_Courses/ProjectHighbourne/.superpowers/brainstorm/53524-1775259052/content/19-detail-bloomberg-v3.html"}
{"type":"screen-updated","file":"/Users/anthonyfoley/Documents/CPSC_Courses/ProjectHighbourne/.superpowers/brainstorm/53524-1775259052/content/19-detail-bloomberg-v3.html"}
{"type":"screen-updated","file":"/Users/anthonyfoley/Documents/CPSC_Courses/ProjectHighbourne/.superpowers/brainstorm/53524-1775259052/content/19-detail-bloomberg-v3.html"}
{"type":"screen-updated","file":"/Users/anthonyfoley/Documents/CPSC_Courses/ProjectHighbourne/.superpowers/brainstorm/53524-1775259052/content/19-detail-bloomberg-v3.html"}
{"type":"screen-updated","file":"/Users/anthonyfoley/Documents/CPSC_Courses/ProjectHighbourne/.superpowers/brainstorm/53524-1775259052/content/19-detail-bloomberg-v3.html"}
{"type":"screen-updated","file":"/Users/anthonyfoley/Documents/CPSC_Courses/ProjectHighbourne/.superpowers/brainstorm/53524-1775259052/content/19-detail-bloomberg-v3.html"}
{"type":"screen-updated","file":"/Users/anthonyfoley/Documents/CPSC_Courses/ProjectHighbourne/.superpowers/brainstorm/53524-1775259052/content/19-detail-bloomberg-v3.html"}
{"type":"screen-updated","file":"/Users/anthonyfoley/Documents/CPSC_Courses/ProjectHighbourne/.superpowers/brainstorm/53524-1775259052/content/19-detail-bloomberg-v3.html"}
{"type":"screen-updated","file":"/Users/anthonyfoley/Documents/CPSC_Courses/ProjectHighbourne/.superpowers/brainstorm/53524-1775259052/content/19-detail-bloomberg-v3.html"}
{"type":"screen-updated","file":"/Users/anthonyfoley/Documents/CPSC_Courses/ProjectHighbourne/.superpowers/brainstorm/53524-1775259052/content/19-detail-bloomberg-v3.html"}
{"type":"screen-updated","file":"/Users/anthonyfoley/Documents/CPSC_Courses/ProjectHighbourne/.superpowers/brainstorm/53524-1775259052/content/19-detail-bloomberg-v3.html"}
{"type":"screen-updated","file":"/Users/anthonyfoley/Documents/CPSC_Courses/ProjectHighbourne/.superpowers/brainstorm/53524-1775259052/content/19-detail-bloomberg-v3.html"}
{"type":"screen-updated","file":"/Users/anthonyfoley/Documents/CPSC_Courses/ProjectHighbourne/.superpowers/brainstorm/53524-1775259052/content/19-detail-bloomberg-v3.html"}
{"type":"screen-updated","file":"/Users/anthonyfoley/Documents/CPSC_Courses/ProjectHighbourne/.superpowers/brainstorm/53524-1775259052/content/19-detail-bloomberg-v3.html"}
{"type":"screen-updated","file":"/Users/anthonyfoley/Documents/CPSC_Courses/ProjectHighbourne/.superpowers/brainstorm/53524-1775259052/content/19-detail-bloomberg-v3.html"}
{"type":"screen-updated","file":"/Users/anthonyfoley/Documents/CPSC_Courses/ProjectHighbourne/.superpowers/brainstorm/53524-1775259052/content/16-home-bloomberg-v2.html"}
{"type":"screen-updated","file":"/Users/anthonyfoley/Documents/CPSC_Courses/ProjectHighbourne/.superpowers/brainstorm/53524-1775259052/content/16-home-bloomberg-v2.html"}
{"type":"screen-updated","file":"/Users/anthonyfoley/Documents/CPSC_Courses/ProjectHighbourne/.superpowers/brainstorm/53524-1775259052/content/16-home-bloomberg-v2.html"}
{"type":"screen-updated","file":"/Users/anthonyfoley/Documents/CPSC_Courses/ProjectHighbourne/.superpowers/brainstorm/53524-1775259052/content/16-home-bloomberg-v2.html"}
{"type":"screen-updated","file":"/Users/anthonyfoley/Documents/CPSC_Courses/ProjectHighbourne/.superpowers/brainstorm/53524-1775259052/content/16-home-bloomberg-v2.html"}
{"type":"screen-updated","file":"/Users/anthonyfoley/Documents/CPSC_Courses/ProjectHighbourne/.superpowers/brainstorm/53524-1775259052/content/16-home-bloomberg-v2.html"}
{"type":"screen-updated","file":"/Users/anthonyfoley/Documents/CPSC_Courses/ProjectHighbourne/.superpowers/brainstorm/53524-1775259052/content/16-home-bloomberg-v2.html"}
{"type":"screen-updated","file":"/Users/anthonyfoley/Documents/CPSC_Courses/ProjectHighbourne/.superpowers/brainstorm/53524-1775259052/content/16-home-bloomberg-v2.html"}
{"type":"screen-updated","file":"/Users/anthonyfoley/Documents/CPSC_Courses/ProjectHighbourne/.superpowers/brainstorm/53524-1775259052/content/16-home-bloomberg-v2.html"}
{"type":"screen-updated","file":"/Users/anthonyfoley/Documents/CPSC_Courses/ProjectHighbourne/.superpowers/brainstorm/53524-1775259052/content/16-home-bloomberg-v2.html"}
{"type":"screen-updated","file":"/Users/anthonyfoley/Documents/CPSC_Courses/ProjectHighbourne/.superpowers/brainstorm/53524-1775259052/content/16-home-bloomberg-v2.html"}
{"type":"screen-updated","file":"/Users/anthonyfoley/Documents/CPSC_Courses/ProjectHighbourne/.superpowers/brainstorm/53524-1775259052/content/16-home-bloomberg-v2.html"}
{"type":"screen-updated","file":"/Users/anthonyfoley/Documents/CPSC_Courses/ProjectHighbourne/.superpowers/brainstorm/53524-1775259052/content/16-home-bloomberg-v2.html"}
{"type":"screen-updated","file":"/Users/anthonyfoley/Documents/CPSC_Courses/ProjectHighbourne/.superpowers/brainstorm/53524-1775259052/content/16-home-bloomberg-v2.html"}
{"type":"screen-updated","file":"/Users/anthonyfoley/Documents/CPSC_Courses/ProjectHighbourne/.superpowers/brainstorm/53524-1775259052/content/16-home-bloomberg-v2.html"}
{"type":"screen-updated","file":"/Users/anthonyfoley/Documents/CPSC_Courses/ProjectHighbourne/.superpowers/brainstorm/53524-1775259052/content/16-home-bloomberg-v2.html"}
{"type":"screen-updated","file":"/Users/anthonyfoley/Documents/CPSC_Courses/ProjectHighbourne/.superpowers/brainstorm/53524-1775259052/content/16-home-bloomberg-v2.html"}
{"type":"screen-updated","file":"/Users/anthonyfoley/Documents/CPSC_Courses/ProjectHighbourne/.superpowers/brainstorm/53524-1775259052/content/16-home-bloomberg-v2.html"}
{"type":"screen-updated","file":"/Users/anthonyfoley/Documents/CPSC_Courses/ProjectHighbourne/.superpowers/brainstorm/53524-1775259052/content/16-home-bloomberg-v2.html"}
{"type":"screen-updated","file":"/Users/anthonyfoley/Documents/CPSC_Courses/ProjectHighbourne/.superpowers/brainstorm/53524-1775259052/content/16-home-bloomberg-v2.html"}
{"type":"screen-updated","file":"/Users/anthonyfoley/Documents/CPSC_Courses/ProjectHighbourne/.superpowers/brainstorm/53524-1775259052/content/16-home-bloomberg-v2.html"}
{"type":"screen-updated","file":"/Users/anthonyfoley/Documents/CPSC_Courses/ProjectHighbourne/.superpowers/brainstorm/53524-1775259052/content/16-home-bloomberg-v2.html"}
{"type":"screen-updated","file":"/Users/anthonyfoley/Documents/CPSC_Courses/ProjectHighbourne/.superpowers/brainstorm/53524-1775259052/content/16-home-bloomberg-v2.html"}
{"type":"screen-updated","file":"/Users/anthonyfoley/Documents/CPSC_Courses/ProjectHighbourne/.superpowers/brainstorm/53524-1775259052/content/16-home-bloomberg-v2.html"}
{"type":"screen-updated","file":"/Users/anthonyfoley/Documents/CPSC_Courses/ProjectHighbourne/.superpowers/brainstorm/53524-1775259052/content/16-home-bloomberg-v2.html"}
{"type":"screen-updated","file":"/Users/anthonyfoley/Documents/CPSC_Courses/ProjectHighbourne/.superpowers/brainstorm/53524-1775259052/content/16-home-bloomberg-v2.html"}
{"type":"screen-updated","file":"/Users/anthonyfoley/Documents/CPSC_Courses/ProjectHighbourne/.superpowers/brainstorm/53524-1775259052/content/16-home-bloomberg-v2.html"}
{"type":"screen-updated","file":"/Users/anthonyfoley/Documents/CPSC_Courses/ProjectHighbourne/.superpowers/brainstorm/53524-1775259052/content/16-home-bloomberg-v2.html"}
{"type":"screen-updated","file":"/Users/anthonyfoley/Documents/CPSC_Courses/ProjectHighbourne/.superpowers/brainstorm/53524-1775259052/content/16-home-bloomberg-v2.html"}
{"type":"screen-updated","file":"/Users/anthonyfoley/Documents/CPSC_Courses/ProjectHighbourne/.superpowers/brainstorm/53524-1775259052/content/16-home-bloomberg-v2.html"}
{"type":"screen-updated","file":"/Users/anthonyfoley/Documents/CPSC_Courses/ProjectHighbourne/.superpowers/brainstorm/53524-1775259052/content/16-home-bloomberg-v2.html"}
{"type":"screen-updated","file":"/Users/anthonyfoley/Documents/CPSC_Courses/ProjectHighbourne/.superpowers/brainstorm/53524-1775259052/content/16-home-bloomberg-v2.html"}
{"type":"server-stopped","reason":"idle timeout"}
